#
# There is insufficient memory for the Java Runtime Environment to continue.
# Native memory allocation (malloc) failed to allocate 1048576 bytes. Error detail: AllocateHeap
# Possible reasons:
#   The system is out of physical RAM or swap space
#   This process is running with CompressedOops enabled, and the Java Heap may be blocking the growth of the native heap
# Possible solutions:
#   Reduce memory load on the system
#   Increase physical memory or swap space
#   Check if swap backing store is full
#   Decrease Java heap size (-Xmx/-Xms)
#   Decrease number of Java threads
#   Decrease Java thread stack sizes (-Xss)
#   Set larger code cache with -XX:ReservedCodeCacheSize=
#   JVM is running with Unscaled Compressed Oops mode in which the Java heap is
#     placed in the first 4GB address space. The Java Heap base address is the
#     maximum limit for the native heap growth. Please use -XX:HeapBaseMinAddress
#     to set the Java Heap base and to place the Java Heap above 4GB virtual address.
# This output file may be truncated or incomplete.
#
#  Out of Memory Error (allocation.cpp:44), pid=7616, tid=8952
#
# JRE version: OpenJDK Runtime Environment Temurin-21.0.10+7 (21.0.10+7) (build 21.0.10+7-LTS)
# Java VM: OpenJDK 64-Bit Server VM Temurin-21.0.10+7 (21.0.10+7-LTS, mixed mode, sharing, tiered, compressed oops, compressed class ptrs, parallel gc, windows-amd64)
# No core dump will be written. Minidumps are not enabled by default on client versions of Windows
#

---------------  S U M M A R Y ------------

Command Line: --add-modules=ALL-SYSTEM --add-opens=java.base/java.util=ALL-UNNAMED --add-opens=java.base/java.lang=ALL-UNNAMED --add-opens=java.base/sun.nio.fs=ALL-UNNAMED -Declipse.application=org.eclipse.jdt.ls.core.id1 -Dosgi.bundles.defaultStartLevel=4 -Declipse.product=org.eclipse.jdt.ls.core.product -Djava.import.generatesMetadataFilesAtProjectRoot=false -DDetectVMInstallationsJob.disabled=true -Dfile.encoding=utf8 -XX:+UseParallelGC -XX:GCTimeRatio=4 -XX:AdaptiveSizePolicyWeight=90 -Dsun.zip.disableMemoryMapping=true -Xmx2G -Xms100m -Xlog:disable -javaagent:c:\Users\castr\.vscode\extensions\redhat.java-1.54.0-win32-x64\lombok\lombok-1.18.39-4050.jar -XX:+HeapDumpOnOutOfMemoryError -XX:HeapDumpPath=c:\Users\castr\AppData\Roaming\Code\User\workspaceStorage\ee6f289389dcceef74940f853f38293b\redhat.java -Daether.dependencyCollector.impl=bf c:\Users\castr\.vscode\extensions\redhat.java-1.54.0-win32-x64\server\plugins\org.eclipse.equinox.launcher_1.7.100.v20251111-0406.jar -configuration c:\Users\castr\AppData\Roaming\Code\User\globalStorage\redhat.java\1.54.0\config_win -data c:\Users\castr\AppData\Roaming\Code\User\workspaceStorage\ee6f289389dcceef74940f853f38293b\redhat.java\jdt_ws --pipe=\\.\pipe\lsp-4fd513b9a890e8db214694b665d49906-sock

Host: AMD Ryzen 5 4500U with Radeon Graphics         , 6 cores, 3G,  Windows 11 , 64 bit Build 26100 (10.0.26100.8246)
Time: Tue May 19 13:48:17 2026 Hora est. Pac璗ico, Sudam廨ica elapsed time: 5675.910341 seconds (0d 1h 34m 35s)

---------------  T H R E A D  ---------------

Current thread (0x000001c2f6b20570):  JavaThread "Attach Listener" daemon [_thread_in_vm, id=8952, stack(0x0000002485e00000,0x0000002485f00000) (1024K)]

Stack: [0x0000002485e00000,0x0000002485f00000]
Native frames: (J=compiled Java code, j=interpreted, Vv=VM code, C=native code)
V  [jvm.dll+0x6d7a39]
V  [jvm.dll+0x8b4b26]
V  [jvm.dll+0x8b70de]
V  [jvm.dll+0x8b77c3]
V  [jvm.dll+0x284346]
V  [jvm.dll+0xc1277]
V  [jvm.dll+0x6d82e9]
V  [jvm.dll+0x1334a6]
V  [jvm.dll+0x3f857e]
V  [jvm.dll+0x85f59d]
V  [jvm.dll+0x6d626d]
C  [ucrtbase.dll+0x37b0]
C  [KERNEL32.DLL+0x2e8d7]
C  [ntdll.dll+0x8c3fc]


---------------  P R O C E S S  ---------------

Threads class SMR info:
_java_thread_list=0x000001c2d02d6e20, length=36, elements={
0x000001c2ed17b6e0, 0x000001c2f6b1aa10, 0x000001c2f6b1cfd0, 0x000001c2f6b1f910,
0x000001c2f6b20570, 0x000001c2f6b22fe0, 0x000001c2f6b25a50, 0x000001c2f6b27f60,
0x000001c2f6b3f250, 0x000001c2fc15bd90, 0x000001c2fc222100, 0x000001c2fc82d7b0,
0x000001c2f6b9c810, 0x000001c2fc60f1c0, 0x000001c2fc0b9aa0, 0x000001c2fc1daba0,
0x000001c2fc1c3a20, 0x000001c2fc285d00, 0x000001c2fc360cc0, 0x000001c2fc35ffa0,
0x000001c2fc35e560, 0x000001c2ff0905d0, 0x000001c2ff08d150, 0x000001c2ff090c60,
0x000001c2ff08ff40, 0x000001c2ff08d7e0, 0x000001c2ff0912f0, 0x000001c2ff08de70,
0x000001c2ff091980, 0x000001c2ff08e500, 0x000001c2ff092010, 0x000001c2fc05ff70,
0x000001c2fc060c90, 0x000001c2ff08f220, 0x000001c2ff0933c0, 0x000001c2ff093a50
}

Java Threads: ( => current thread )
  0x000001c2ed17b6e0 JavaThread "main"                              [_thread_blocked, id=4328, stack(0x0000002485700000,0x0000002485800000) (1024K)]
  0x000001c2f6b1aa10 JavaThread "Reference Handler"          daemon [_thread_blocked, id=18684, stack(0x0000002485b00000,0x0000002485c00000) (1024K)]
  0x000001c2f6b1cfd0 JavaThread "Finalizer"                  daemon [_thread_blocked, id=11808, stack(0x0000002485c00000,0x0000002485d00000) (1024K)]
  0x000001c2f6b1f910 JavaThread "Signal Dispatcher"          daemon [_thread_blocked, id=12172, stack(0x0000002485d00000,0x0000002485e00000) (1024K)]
=>0x000001c2f6b20570 JavaThread "Attach Listener"            daemon [_thread_in_vm, id=8952, stack(0x0000002485e00000,0x0000002485f00000) (1024K)]
  0x000001c2f6b22fe0 JavaThread "Service Thread"             daemon [_thread_blocked, id=20004, stack(0x0000002485f00000,0x0000002486000000) (1024K)]
  0x000001c2f6b25a50 JavaThread "Monitor Deflation Thread"   daemon [_thread_blocked, id=15420, stack(0x0000002486000000,0x0000002486100000) (1024K)]
  0x000001c2f6b27f60 JavaThread "C2 CompilerThread0"         daemon [_thread_blocked, id=19932, stack(0x0000002486100000,0x0000002486200000) (1024K)]
  0x000001c2f6b3f250 JavaThread "C1 CompilerThread0"         daemon [_thread_blocked, id=13776, stack(0x0000002486200000,0x0000002486300000) (1024K)]
  0x000001c2fc15bd90 JavaThread "Common-Cleaner"             daemon [_thread_blocked, id=2936, stack(0x0000002486300000,0x0000002486400000) (1024K)]
  0x000001c2fc222100 JavaThread "Notification Thread"        daemon [_thread_blocked, id=11284, stack(0x0000002486400000,0x0000002486500000) (1024K)]
  0x000001c2fc82d7b0 JavaThread "Active Thread: Equinox Container: f151e048-093a-4c05-a96d-260874e8952a"        [_thread_blocked, id=17664, stack(0x0000002486a00000,0x0000002486b00000) (1024K)]
  0x000001c2f6b9c810 JavaThread "Refresh Thread: Equinox Container: f151e048-093a-4c05-a96d-260874e8952a" daemon [_thread_blocked, id=19380, stack(0x0000002486b00000,0x0000002486c00000) (1024K)]
  0x000001c2fc60f1c0 JavaThread "Framework Event Dispatcher: Equinox Container: f151e048-093a-4c05-a96d-260874e8952a" daemon [_thread_blocked, id=16776, stack(0x0000002486c00000,0x0000002486d00000) (1024K)]
  0x000001c2fc0b9aa0 JavaThread "Start Level: Equinox Container: f151e048-093a-4c05-a96d-260874e8952a" daemon [_thread_blocked, id=5624, stack(0x0000002486d00000,0x0000002486e00000) (1024K)]
  0x000001c2fc1daba0 JavaThread "Bundle File Closer"         daemon [_thread_blocked, id=8756, stack(0x0000002486e00000,0x0000002486f00000) (1024K)]
  0x000001c2fc1c3a20 JavaThread "SCR Component Actor"        daemon [_thread_blocked, id=12912, stack(0x0000002486f00000,0x0000002487000000) (1024K)]
  0x000001c2fc285d00 JavaThread "Worker-JM"                         [_thread_blocked, id=11992, stack(0x0000002487000000,0x0000002487100000) (1024K)]
  0x000001c2fc360cc0 JavaThread "JNA Cleaner"                daemon [_thread_blocked, id=19876, stack(0x0000002487100000,0x0000002487200000) (1024K)]
  0x000001c2fc35ffa0 JavaThread "Java indexing"              daemon [_thread_blocked, id=14324, stack(0x0000002487400000,0x0000002487500000) (1024K)]
  0x000001c2fc35e560 JavaThread "Worker-4"                          [_thread_blocked, id=10800, stack(0x0000002487900000,0x0000002487a00000) (1024K)]
  0x000001c2ff0905d0 JavaThread "Thread-1"                   daemon [_thread_in_native, id=8944, stack(0x0000002487b00000,0x0000002487c00000) (1024K)]
  0x000001c2ff08d150 JavaThread "Thread-2"                   daemon [_thread_in_native, id=20236, stack(0x0000002487c00000,0x0000002487d00000) (1024K)]
  0x000001c2ff090c60 JavaThread "Thread-3"                   daemon [_thread_in_native, id=15572, stack(0x0000002487d00000,0x0000002487e00000) (1024K)]
  0x000001c2ff08ff40 JavaThread "Thread-4"                   daemon [_thread_in_native, id=17536, stack(0x0000002487e00000,0x0000002487f00000) (1024K)]
  0x000001c2ff08d7e0 JavaThread "Thread-5"                   daemon [_thread_in_native, id=19864, stack(0x0000002487f00000,0x0000002488000000) (1024K)]
  0x000001c2ff0912f0 JavaThread "Thread-6"                   daemon [_thread_in_native, id=8948, stack(0x0000002488000000,0x0000002488100000) (1024K)]
  0x000001c2ff08de70 JavaThread "Thread-7"                   daemon [_thread_in_native, id=9276, stack(0x0000002488100000,0x0000002488200000) (1024K)]
  0x000001c2ff091980 JavaThread "pool-2-thread-1"                   [_thread_blocked, id=10996, stack(0x0000002488200000,0x0000002488300000) (1024K)]
  0x000001c2ff08e500 JavaThread "WorkspaceEventsHandler"            [_thread_blocked, id=8056, stack(0x0000002488300000,0x0000002488400000) (1024K)]
  0x000001c2ff092010 JavaThread "pool-1-thread-1"                   [_thread_blocked, id=19592, stack(0x0000002488400000,0x0000002488500000) (1024K)]
  0x000001c2fc05ff70 JavaThread "Cleaner-0"                  daemon [_thread_blocked, id=2776, stack(0x0000002488e00000,0x0000002488f00000) (1024K)]
  0x000001c2fc060c90 JavaThread "Worker-6"                          [_thread_blocked, id=8672, stack(0x0000002487800000,0x0000002487900000) (1024K)]
  0x000001c2ff08f220 JavaThread "Java Debug Server"          daemon [_thread_in_native, id=8004, stack(0x0000002485600000,0x0000002485700000) (1024K)]
  0x000001c2ff0933c0 JavaThread "RxSchedulerPurge-1"         daemon [_thread_blocked, id=2248, stack(0x0000002487300000,0x0000002487400000) (1024K)]
  0x000001c2ff093a50 JavaThread "RxCachedWorkerPoolEvictor-1" daemon [_thread_blocked, id=15980, stack(0x0000002487500000,0x0000002487600000) (1024K)]
Total: 36

Other Threads:
  0x000001c2ed23b3c0 VMThread "VM Thread"                           [id=19620, stack(0x0000002485a00000,0x0000002485b00000) (1024K)]
  0x000001c2f6a7ca10 WatcherThread "VM Periodic Task Thread"        [id=20344, stack(0x0000002485900000,0x0000002485a00000) (1024K)]
  0x000001c2ed199dd0 WorkerThread "GC Thread#0"                     [id=13664, stack(0x0000002485800000,0x0000002485900000) (1024K)]
  0x000001c2fc4b1a90 WorkerThread "GC Thread#1"                     [id=14236, stack(0x0000002486500000,0x0000002486600000) (1024K)]
  0x000001c2fc4a84f0 WorkerThread "GC Thread#2"                     [id=15736, stack(0x0000002486600000,0x0000002486700000) (1024K)]
  0x000001c2fc4b1e40 WorkerThread "GC Thread#3"                     [id=13864, stack(0x0000002486700000,0x0000002486800000) (1024K)]
  0x000001c2fc8cded0 WorkerThread "GC Thread#4"                     [id=20204, stack(0x0000002486800000,0x0000002486900000) (1024K)]
  0x000001c2fc8ce280 WorkerThread "GC Thread#5"                     [id=3280, stack(0x0000002486900000,0x0000002486a00000) (1024K)]
Total: 8

Threads with active compile tasks:
Total: 0

VM state: not at safepoint (normal execution)

VM Mutex/Monitor currently owned by a thread: None

Heap address: 0x0000000080000000, size: 2048 MB, Compressed Oops mode: 32-bit

CDS archive(s) mapped at: [0x000001c28f000000-0x000001c28fba0000-0x000001c28fba0000), size 12189696, SharedBaseAddress: 0x000001c28f000000, ArchiveRelocationMode: 1.
Compressed class space mapped at: 0x000001c290000000-0x000001c2d0000000, reserved size: 1073741824
Narrow klass base: 0x000001c28f000000, Narrow klass shift: 0, Narrow klass range: 0x100000000

GC Precious Log:
 CardTable entry size: 512
 CPUs: 6 total, 6 available
 Memory: 3445M
 Large Page Support: Disabled
 NUMA Support: Disabled
 Compressed Oops: Enabled (32-bit)
 Alignments: Space 512K, Generation 512K, Heap 2M
 Heap Min Capacity: 100M
 Heap Initial Capacity: 100M
 Heap Max Capacity: 2G
 Pre-touch: Disabled
 Parallel Workers: 6

Heap:
 PSYoungGen      total 3584K, used 2103K [0x00000000d5580000, 0x00000000d5b80000, 0x0000000100000000)
  eden space 3072K, 62% used [0x00000000d5580000,0x00000000d575ddc8,0x00000000d5880000)
  from space 512K, 37% used [0x00000000d5a80000,0x00000000d5ab0000,0x00000000d5b00000)
  to   space 512K, 0% used [0x00000000d5b00000,0x00000000d5b00000,0x00000000d5b80000)
 ParOldGen       total 265216K, used 265118K [0x0000000080000000, 0x0000000090300000, 0x00000000d5580000)
  object space 265216K, 99% used [0x0000000080000000,0x00000000902e7820,0x0000000090300000)
 Metaspace       used 75237K, committed 76672K, reserved 1179648K
  class space    used 8003K, committed 8576K, reserved 1048576K

Card table byte_map: [0x000001c2f1ee0000,0x000001c2f22f0000] _byte_map_base: 0x000001c2f1ae0000

Marking Bits: (ParMarkBitMap*) 0x00007ffafbde3450
 Begin Bits: [0x000001c2f25a0000, 0x000001c2f45a0000)
 End Bits:   [0x000001c2f45a0000, 0x000001c2f65a0000)

Polling page: 0x000001c2ed240000

Metaspace:

Usage:
  Non-class:     65.66 MB used.
      Class:      7.82 MB used.
       Both:     73.47 MB used.

Virtual space:
  Non-class space:      128.00 MB reserved,      66.50 MB ( 52%) committed,  2 nodes.
      Class space:        1.00 GB reserved,       8.38 MB ( <1%) committed,  1 nodes.
             Both:        1.12 GB reserved,      74.88 MB (  6%) committed. 

Chunk freelists:
   Non-Class:  12.79 MB
       Class:  7.67 MB
        Both:  20.46 MB

MaxMetaspaceSize: unlimited
CompressedClassSpaceSize: 1.00 GB
Initial GC threshold: 21.00 MB
Current GC threshold: 97.31 MB
CDS: on
 - commit_granule_bytes: 65536.
 - commit_granule_words: 8192.
 - virtual_space_node_default_size: 8388608.
 - enlarge_chunks_in_place: 1.
 - use_allocation_guard: 0.


Internal statistics:

num_allocs_failed_limit: 11.
num_arena_births: 1234.
num_arena_deaths: 30.
num_vsnodes_births: 3.
num_vsnodes_deaths: 0.
num_space_committed: 1198.
num_space_uncommitted: 0.
num_chunks_returned_to_freelist: 44.
num_chunks_taken_from_freelist: 4676.
num_chunk_merges: 12.
num_chunk_splits: 2816.
num_chunks_enlarged: 1591.
num_inconsistent_stats: 0.

CodeHeap 'non-profiled nmethods': size=120000Kb used=7355Kb max_used=7355Kb free=112644Kb
 bounds [0x000001c287ad0000, 0x000001c288200000, 0x000001c28f000000]
CodeHeap 'profiled nmethods': size=120000Kb used=26024Kb max_used=26024Kb free=93975Kb
 bounds [0x000001c280000000, 0x000001c281970000, 0x000001c287530000]
CodeHeap 'non-nmethods': size=5760Kb used=1506Kb max_used=1560Kb free=4253Kb
 bounds [0x000001c287530000, 0x000001c2877a0000, 0x000001c287ad0000]
CodeCache: size=245760Kb, used=34885Kb, max_used=34939Kb, free=210872Kb
 total_blobs=12138, nmethods=11306, adapters=735, full_count=0
Compilation: enabled, stopped_count=0, restarted_count=0

Compilation events (20 events):
Event: 4669.118 Thread 0x000001c2f6b3f250 12068   !   3       org.eclipse.core.internal.jobs.JobManager::nextJob (291 bytes)
Event: 4669.195 Thread 0x000001c2f6b3f250 nmethod 12068 0x000001c281963d90 code [0x000001c281964220, 0x000001c281966328]
Event: 4669.195 Thread 0x000001c2f6b3f250 12069       3       org.eclipse.core.internal.jobs.JobQueue::isEmpty (18 bytes)
Event: 4669.195 Thread 0x000001c2f6b3f250 nmethod 12069 0x000001c281967410 code [0x000001c2819675c0, 0x000001c281967750]
Event: 4791.289 Thread 0x000001c2f6b3f250 12070       3       java.util.logging.Logger::getLogger (8 bytes)
Event: 4791.302 Thread 0x000001c2f6b3f250 nmethod 12070 0x000001c281967810 code [0x000001c2819679e0, 0x000001c281967ba0]
Event: 4791.302 Thread 0x000001c2f6b3f250 12071       3       java.util.logging.Logger::getLogger (7 bytes)
Event: 4791.302 Thread 0x000001c2f6b3f250 nmethod 12071 0x000001c281967c90 code [0x000001c281967e40, 0x000001c281967f68]
Event: 4849.029 Thread 0x000001c2f6b3f250 12072       3       org.eclipse.core.runtime.jobs.Job::setThread (6 bytes)
Event: 4849.031 Thread 0x000001c2f6b3f250 nmethod 12072 0x000001c281968010 code [0x000001c2819681a0, 0x000001c2819682e0]
Event: 4849.031 Thread 0x000001c2f6b3f250 12073   !   3       org.eclipse.core.internal.jobs.JobManager::sleepHint (67 bytes)
Event: 4849.038 Thread 0x000001c2f6b3f250 nmethod 12073 0x000001c281968390 code [0x000001c281968600, 0x000001c2819690b8]
Event: 4849.072 Thread 0x000001c2f6b3f250 12074       3       org.eclipse.core.runtime.Status::matches (13 bytes)
Event: 4849.074 Thread 0x000001c2f6b3f250 nmethod 12074 0x000001c281969590 code [0x000001c281969740, 0x000001c2819698b8]
Event: 4881.328 Thread 0x000001c2f6b3f250 12075   !   3       java.util.logging.LogManager::getUserContext (118 bytes)
Event: 4881.337 Thread 0x000001c2f6b3f250 nmethod 12075 0x000001c281969990 code [0x000001c281969b40, 0x000001c281969db0]
Event: 4881.337 Thread 0x000001c2f6b3f250 12076       3       jdk.internal.access.SharedSecrets::getJavaAWTAccess (4 bytes)
Event: 4881.337 Thread 0x000001c2f6b3f250 nmethod 12076 0x000001c281969f10 code [0x000001c28196a0a0, 0x000001c28196a198]
Event: 5348.197 Thread 0x000001c2f6b27f60 12077   !   4       java.util.concurrent.locks.LockSupport::parkNanos (56 bytes)
Event: 5348.220 Thread 0x000001c2f6b27f60 nmethod 12077 0x000001c2881fe890 code [0x000001c2881fea40, 0x000001c2881febb8]

GC Heap History (20 events):
Event: 1980.372 GC heap before
{Heap before GC invocations=187 (full 3):
 PSYoungGen      total 3584K, used 3568K [0x00000000d5580000, 0x00000000d5b80000, 0x0000000100000000)
  eden space 3072K, 100% used [0x00000000d5580000,0x00000000d5880000,0x00000000d5880000)
  from space 512K, 96% used [0x00000000d5a80000,0x00000000d5afc030,0x00000000d5b00000)
  to   space 512K, 0% used [0x00000000d5b00000,0x00000000d5b00000,0x00000000d5b80000)
 ParOldGen       total 264192K, used 263797K [0x0000000080000000, 0x0000000090200000, 0x00000000d5580000)
  object space 264192K, 99% used [0x0000000080000000,0x000000009019d458,0x0000000090200000)
 Metaspace       used 72200K, committed 73664K, reserved 1179648K
  class space    used 7566K, committed 8192K, reserved 1048576K
}
Event: 1980.474 GC heap after
{Heap after GC invocations=187 (full 3):
 PSYoungGen      total 3584K, used 224K [0x00000000d5580000, 0x00000000d5b80000, 0x0000000100000000)
  eden space 3072K, 0% used [0x00000000d5580000,0x00000000d5580000,0x00000000d5880000)
  from space 512K, 43% used [0x00000000d5b00000,0x00000000d5b38000,0x00000000d5b80000)
  to   space 512K, 0% used [0x00000000d5a80000,0x00000000d5a80000,0x00000000d5b00000)
 ParOldGen       total 264704K, used 264236K [0x0000000080000000, 0x0000000090280000, 0x00000000d5580000)
  object space 264704K, 99% used [0x0000000080000000,0x000000009020b218,0x0000000090280000)
 Metaspace       used 72200K, committed 73664K, reserved 1179648K
  class space    used 7566K, committed 8192K, reserved 1048576K
}
Event: 1983.056 GC heap before
{Heap before GC invocations=188 (full 3):
 PSYoungGen      total 3584K, used 3286K [0x00000000d5580000, 0x00000000d5b80000, 0x0000000100000000)
  eden space 3072K, 99% used [0x00000000d5580000,0x00000000d587d848,0x00000000d5880000)
  from space 512K, 43% used [0x00000000d5b00000,0x00000000d5b38000,0x00000000d5b80000)
  to   space 512K, 0% used [0x00000000d5a80000,0x00000000d5a80000,0x00000000d5b00000)
 ParOldGen       total 264704K, used 264236K [0x0000000080000000, 0x0000000090280000, 0x00000000d5580000)
  object space 264704K, 99% used [0x0000000080000000,0x000000009020b218,0x0000000090280000)
 Metaspace       used 72507K, committed 73920K, reserved 1179648K
  class space    used 7615K, committed 8192K, reserved 1048576K
}
Event: 1983.065 GC heap after
{Heap after GC invocations=188 (full 3):
 PSYoungGen      total 3584K, used 319K [0x00000000d5580000, 0x00000000d5b80000, 0x0000000100000000)
  eden space 3072K, 0% used [0x00000000d5580000,0x00000000d5580000,0x00000000d5880000)
  from space 512K, 62% used [0x00000000d5a80000,0x00000000d5acffb0,0x00000000d5b00000)
  to   space 512K, 0% used [0x00000000d5b00000,0x00000000d5b00000,0x00000000d5b80000)
 ParOldGen       total 264704K, used 264332K [0x0000000080000000, 0x0000000090280000, 0x00000000d5580000)
  object space 264704K, 99% used [0x0000000080000000,0x0000000090223218,0x0000000090280000)
 Metaspace       used 72507K, committed 73920K, reserved 1179648K
  class space    used 7615K, committed 8192K, reserved 1048576K
}
Event: 1983.334 GC heap before
{Heap before GC invocations=189 (full 3):
 PSYoungGen      total 3584K, used 3356K [0x00000000d5580000, 0x00000000d5b80000, 0x0000000100000000)
  eden space 3072K, 98% used [0x00000000d5580000,0x00000000d58770d8,0x00000000d5880000)
  from space 512K, 62% used [0x00000000d5a80000,0x00000000d5acffb0,0x00000000d5b00000)
  to   space 512K, 0% used [0x00000000d5b00000,0x00000000d5b00000,0x00000000d5b80000)
 ParOldGen       total 264704K, used 264332K [0x0000000080000000, 0x0000000090280000, 0x00000000d5580000)
  object space 264704K, 99% used [0x0000000080000000,0x0000000090223218,0x0000000090280000)
 Metaspace       used 72961K, committed 74368K, reserved 1179648K
  class space    used 7655K, committed 8256K, reserved 1048576K
}
Event: 1983.336 GC heap after
{Heap after GC invocations=189 (full 3):
 PSYoungGen      total 3584K, used 420K [0x00000000d5580000, 0x00000000d5b80000, 0x0000000100000000)
  eden space 3072K, 0% used [0x00000000d5580000,0x00000000d5580000,0x00000000d5880000)
  from space 512K, 82% used [0x00000000d5b00000,0x00000000d5b693b8,0x00000000d5b80000)
  to   space 512K, 0% used [0x00000000d5a80000,0x00000000d5a80000,0x00000000d5b00000)
 ParOldGen       total 264704K, used 264525K [0x0000000080000000, 0x0000000090280000, 0x00000000d5580000)
  object space 264704K, 99% used [0x0000000080000000,0x00000000902537d0,0x0000000090280000)
 Metaspace       used 72961K, committed 74368K, reserved 1179648K
  class space    used 7655K, committed 8256K, reserved 1048576K
}
Event: 1983.381 GC heap before
{Heap before GC invocations=190 (full 3):
 PSYoungGen      total 3584K, used 3492K [0x00000000d5580000, 0x00000000d5b80000, 0x0000000100000000)
  eden space 3072K, 100% used [0x00000000d5580000,0x00000000d5880000,0x00000000d5880000)
  from space 512K, 82% used [0x00000000d5b00000,0x00000000d5b693b8,0x00000000d5b80000)
  to   space 512K, 0% used [0x00000000d5a80000,0x00000000d5a80000,0x00000000d5b00000)
 ParOldGen       total 264704K, used 264525K [0x0000000080000000, 0x0000000090280000, 0x00000000d5580000)
  object space 264704K, 99% used [0x0000000080000000,0x00000000902537d0,0x0000000090280000)
 Metaspace       used 73222K, committed 74624K, reserved 1179648K
  class space    used 7707K, committed 8320K, reserved 1048576K
}
Event: 1983.382 GC heap after
{Heap after GC invocations=190 (full 3):
 PSYoungGen      total 3584K, used 192K [0x00000000d5580000, 0x00000000d5b80000, 0x0000000100000000)
  eden space 3072K, 0% used [0x00000000d5580000,0x00000000d5580000,0x00000000d5880000)
  from space 512K, 37% used [0x00000000d5a80000,0x00000000d5ab0000,0x00000000d5b00000)
  to   space 512K, 0% used [0x00000000d5b00000,0x00000000d5b00000,0x00000000d5b80000)
 ParOldGen       total 264704K, used 264645K [0x0000000080000000, 0x0000000090280000, 0x00000000d5580000)
  object space 264704K, 99% used [0x0000000080000000,0x00000000902717f0,0x0000000090280000)
 Metaspace       used 73222K, committed 74624K, reserved 1179648K
  class space    used 7707K, committed 8320K, reserved 1048576K
}
Event: 1983.621 GC heap before
{Heap before GC invocations=191 (full 3):
 PSYoungGen      total 3584K, used 3263K [0x00000000d5580000, 0x00000000d5b80000, 0x0000000100000000)
  eden space 3072K, 99% used [0x00000000d5580000,0x00000000d587fff8,0x00000000d5880000)
  from space 512K, 37% used [0x00000000d5a80000,0x00000000d5ab0000,0x00000000d5b00000)
  to   space 512K, 0% used [0x00000000d5b00000,0x00000000d5b00000,0x00000000d5b80000)
 ParOldGen       total 264704K, used 264645K [0x0000000080000000, 0x0000000090280000, 0x00000000d5580000)
  object space 264704K, 99% used [0x0000000080000000,0x00000000902717f0,0x0000000090280000)
 Metaspace       used 73726K, committed 75136K, reserved 1179648K
  class space    used 7752K, committed 8320K, reserved 1048576K
}
Event: 1983.622 GC heap after
{Heap after GC invocations=191 (full 3):
 PSYoungGen      total 3584K, used 240K [0x00000000d5580000, 0x00000000d5b80000, 0x0000000100000000)
  eden space 3072K, 0% used [0x00000000d5580000,0x00000000d5580000,0x00000000d5880000)
  from space 512K, 46% used [0x00000000d5b00000,0x00000000d5b3c010,0x00000000d5b80000)
  to   space 512K, 0% used [0x00000000d5a80000,0x00000000d5a80000,0x00000000d5b00000)
 ParOldGen       total 264704K, used 264693K [0x0000000080000000, 0x0000000090280000, 0x00000000d5580000)
  object space 264704K, 99% used [0x0000000080000000,0x000000009027d7f0,0x0000000090280000)
 Metaspace       used 73726K, committed 75136K, reserved 1179648K
  class space    used 7752K, committed 8320K, reserved 1048576K
}
Event: 1983.681 GC heap before
{Heap before GC invocations=192 (full 3):
 PSYoungGen      total 3584K, used 3312K [0x00000000d5580000, 0x00000000d5b80000, 0x0000000100000000)
  eden space 3072K, 100% used [0x00000000d5580000,0x00000000d5880000,0x00000000d5880000)
  from space 512K, 46% used [0x00000000d5b00000,0x00000000d5b3c010,0x00000000d5b80000)
  to   space 512K, 0% used [0x00000000d5a80000,0x00000000d5a80000,0x00000000d5b00000)
 ParOldGen       total 264704K, used 264693K [0x0000000080000000, 0x0000000090280000, 0x00000000d5580000)
  object space 264704K, 99% used [0x0000000080000000,0x000000009027d7f0,0x0000000090280000)
 Metaspace       used 73965K, committed 75328K, reserved 1179648K
  class space    used 7812K, committed 8384K, reserved 1048576K
}
Event: 1983.682 GC heap after
{Heap after GC invocations=192 (full 3):
 PSYoungGen      total 3584K, used 224K [0x00000000d5580000, 0x00000000d5b80000, 0x0000000100000000)
  eden space 3072K, 0% used [0x00000000d5580000,0x00000000d5580000,0x00000000d5880000)
  from space 512K, 43% used [0x00000000d5a80000,0x00000000d5ab8000,0x00000000d5b00000)
  to   space 512K, 0% used [0x00000000d5b00000,0x00000000d5b00000,0x00000000d5b80000)
 ParOldGen       total 265216K, used 264790K [0x0000000080000000, 0x0000000090300000, 0x00000000d5580000)
  object space 265216K, 99% used [0x0000000080000000,0x0000000090295820,0x0000000090300000)
 Metaspace       used 73965K, committed 75328K, reserved 1179648K
  class space    used 7812K, committed 8384K, reserved 1048576K
}
Event: 1983.733 GC heap before
{Heap before GC invocations=193 (full 3):
 PSYoungGen      total 3584K, used 3296K [0x00000000d5580000, 0x00000000d5b80000, 0x0000000100000000)
  eden space 3072K, 100% used [0x00000000d5580000,0x00000000d5880000,0x00000000d5880000)
  from space 512K, 43% used [0x00000000d5a80000,0x00000000d5ab8000,0x00000000d5b00000)
  to   space 512K, 0% used [0x00000000d5b00000,0x00000000d5b00000,0x00000000d5b80000)
 ParOldGen       total 265216K, used 264790K [0x0000000080000000, 0x0000000090300000, 0x00000000d5580000)
  object space 265216K, 99% used [0x0000000080000000,0x0000000090295820,0x0000000090300000)
 Metaspace       used 74247K, committed 75648K, reserved 1179648K
  class space    used 7872K, committed 8448K, reserved 1048576K
}
Event: 1983.735 GC heap after
{Heap after GC invocations=193 (full 3):
 PSYoungGen      total 3584K, used 192K [0x00000000d5580000, 0x00000000d5b80000, 0x0000000100000000)
  eden space 3072K, 0% used [0x00000000d5580000,0x00000000d5580000,0x00000000d5880000)
  from space 512K, 37% used [0x00000000d5b00000,0x00000000d5b30000,0x00000000d5b80000)
  to   space 512K, 0% used [0x00000000d5a80000,0x00000000d5a80000,0x00000000d5b00000)
 ParOldGen       total 265216K, used 264846K [0x0000000080000000, 0x0000000090300000, 0x00000000d5580000)
  object space 265216K, 99% used [0x0000000080000000,0x00000000902a3820,0x0000000090300000)
 Metaspace       used 74247K, committed 75648K, reserved 1179648K
  class space    used 7872K, committed 8448K, reserved 1048576K
}
Event: 1983.799 GC heap before
{Heap before GC invocations=194 (full 3):
 PSYoungGen      total 3584K, used 3264K [0x00000000d5580000, 0x00000000d5b80000, 0x0000000100000000)
  eden space 3072K, 100% used [0x00000000d5580000,0x00000000d5880000,0x00000000d5880000)
  from space 512K, 37% used [0x00000000d5b00000,0x00000000d5b30000,0x00000000d5b80000)
  to   space 512K, 0% used [0x00000000d5a80000,0x00000000d5a80000,0x00000000d5b00000)
 ParOldGen       total 265216K, used 264846K [0x0000000080000000, 0x0000000090300000, 0x00000000d5580000)
  object space 265216K, 99% used [0x0000000080000000,0x00000000902a3820,0x0000000090300000)
 Metaspace       used 74573K, committed 75968K, reserved 1179648K
  class space    used 7927K, committed 8512K, reserved 1048576K
}
Event: 1983.801 GC heap after
{Heap after GC invocations=194 (full 3):
 PSYoungGen      total 3584K, used 160K [0x00000000d5580000, 0x00000000d5b80000, 0x0000000100000000)
  eden space 3072K, 0% used [0x00000000d5580000,0x00000000d5580000,0x00000000d5880000)
  from space 512K, 31% used [0x00000000d5a80000,0x00000000d5aa8000,0x00000000d5b00000)
  to   space 512K, 0% used [0x00000000d5b00000,0x00000000d5b00000,0x00000000d5b80000)
 ParOldGen       total 265216K, used 264910K [0x0000000080000000, 0x0000000090300000, 0x00000000d5580000)
  object space 265216K, 99% used [0x0000000080000000,0x00000000902b3820,0x0000000090300000)
 Metaspace       used 74573K, committed 75968K, reserved 1179648K
  class space    used 7927K, committed 8512K, reserved 1048576K
}
Event: 1986.074 GC heap before
{Heap before GC invocations=195 (full 3):
 PSYoungGen      total 3584K, used 3232K [0x00000000d5580000, 0x00000000d5b80000, 0x0000000100000000)
  eden space 3072K, 100% used [0x00000000d5580000,0x00000000d5880000,0x00000000d5880000)
  from space 512K, 31% used [0x00000000d5a80000,0x00000000d5aa8000,0x00000000d5b00000)
  to   space 512K, 0% used [0x00000000d5b00000,0x00000000d5b00000,0x00000000d5b80000)
 ParOldGen       total 265216K, used 264910K [0x0000000080000000, 0x0000000090300000, 0x00000000d5580000)
  object space 265216K, 99% used [0x0000000080000000,0x00000000902b3820,0x0000000090300000)
 Metaspace       used 74974K, committed 76416K, reserved 1179648K
  class space    used 7978K, committed 8576K, reserved 1048576K
}
Event: 1986.077 GC heap after
{Heap after GC invocations=195 (full 3):
 PSYoungGen      total 3584K, used 256K [0x00000000d5580000, 0x00000000d5b80000, 0x0000000100000000)
  eden space 3072K, 0% used [0x00000000d5580000,0x00000000d5580000,0x00000000d5880000)
  from space 512K, 50% used [0x00000000d5b00000,0x00000000d5b40000,0x00000000d5b80000)
  to   space 512K, 0% used [0x00000000d5a80000,0x00000000d5a80000,0x00000000d5b00000)
 ParOldGen       total 265216K, used 264974K [0x0000000080000000, 0x0000000090300000, 0x00000000d5580000)
  object space 265216K, 99% used [0x0000000080000000,0x00000000902c3820,0x0000000090300000)
 Metaspace       used 74974K, committed 76416K, reserved 1179648K
  class space    used 7978K, committed 8576K, reserved 1048576K
}
Event: 2011.355 GC heap before
{Heap before GC invocations=196 (full 3):
 PSYoungGen      total 3584K, used 3327K [0x00000000d5580000, 0x00000000d5b80000, 0x0000000100000000)
  eden space 3072K, 99% used [0x00000000d5580000,0x00000000d587ffd8,0x00000000d5880000)
  from space 512K, 50% used [0x00000000d5b00000,0x00000000d5b40000,0x00000000d5b80000)
  to   space 512K, 0% used [0x00000000d5a80000,0x00000000d5a80000,0x00000000d5b00000)
 ParOldGen       total 265216K, used 264974K [0x0000000080000000, 0x0000000090300000, 0x00000000d5580000)
  object space 265216K, 99% used [0x0000000080000000,0x00000000902c3820,0x0000000090300000)
 Metaspace       used 75215K, committed 76672K, reserved 1179648K
  class space    used 8003K, committed 8576K, reserved 1048576K
}
Event: 2011.363 GC heap after
{Heap after GC invocations=196 (full 3):
 PSYoungGen      total 3584K, used 192K [0x00000000d5580000, 0x00000000d5b80000, 0x0000000100000000)
  eden space 3072K, 0% used [0x00000000d5580000,0x00000000d5580000,0x00000000d5880000)
  from space 512K, 37% used [0x00000000d5a80000,0x00000000d5ab0000,0x00000000d5b00000)
  to   space 512K, 0% used [0x00000000d5b00000,0x00000000d5b00000,0x00000000d5b80000)
 ParOldGen       total 265216K, used 265118K [0x0000000080000000, 0x0000000090300000, 0x00000000d5580000)
  object space 265216K, 99% used [0x0000000080000000,0x00000000902e7820,0x0000000090300000)
 Metaspace       used 75215K, committed 76672K, reserved 1179648K
  class space    used 8003K, committed 8576K, reserved 1048576K
}

Dll operation events (12 events):
Event: 0.029 Loaded shared library c:\Users\castr\.vscode\extensions\redhat.java-1.54.0-win32-x64\jre\21.0.10-win32-x86_64\bin\java.dll
Event: 0.173 Loaded shared library c:\Users\castr\.vscode\extensions\redhat.java-1.54.0-win32-x64\jre\21.0.10-win32-x86_64\bin\zip.dll
Event: 0.264 Loaded shared library C:\Users\castr\.vscode\extensions\redhat.java-1.54.0-win32-x64\jre\21.0.10-win32-x86_64\bin\instrument.dll
Event: 0.595 Loaded shared library C:\Users\castr\.vscode\extensions\redhat.java-1.54.0-win32-x64\jre\21.0.10-win32-x86_64\bin\net.dll
Event: 0.820 Loaded shared library C:\Users\castr\.vscode\extensions\redhat.java-1.54.0-win32-x64\jre\21.0.10-win32-x86_64\bin\nio.dll
Event: 0.831 Loaded shared library C:\Users\castr\.vscode\extensions\redhat.java-1.54.0-win32-x64\jre\21.0.10-win32-x86_64\bin\zip.dll
Event: 0.883 Loaded shared library C:\Users\castr\.vscode\extensions\redhat.java-1.54.0-win32-x64\jre\21.0.10-win32-x86_64\bin\jimage.dll
Event: 1.157 Loaded shared library c:\Users\castr\.vscode\extensions\redhat.java-1.54.0-win32-x64\jre\21.0.10-win32-x86_64\bin\verify.dll
Event: 17.765 Loaded shared library C:\Users\castr\AppData\Roaming\Code\User\globalStorage\redhat.java\1.54.0\config_win\org.eclipse.equinox.launcher\org.eclipse.equinox.launcher.win32.win32.x86_64_1.3.0.v20260203-2149\eclipse_11919.dll
Event: 44.858 Loaded shared library C:\Users\castr\AppData\Local\Temp\jna-94432531\jna5604201293658952203.dll
Event: 48.775 Loaded shared library C:\Users\castr\.vscode\extensions\redhat.java-1.54.0-win32-x64\jre\21.0.10-win32-x86_64\bin\sunmscapi.dll
Event: 49.152 Loaded shared library C:\Users\castr\.vscode\extensions\redhat.java-1.54.0-win32-x64\jre\21.0.10-win32-x86_64\bin\extnet.dll

Deoptimization events (20 events):
Event: 1983.913 Thread 0x000001c2fc05f250 Uncommon trap: trap_request=0xffffffde fr.pc=0x000001c287f0af10 relative=0x0000000000001b70
Event: 1983.913 Thread 0x000001c2fc05f250 Uncommon trap: reason=class_check action=maybe_recompile pc=0x000001c287f0af10 method=com.google.gson.stream.JsonWriter.string(Ljava/lang/String;)V @ 119 c2
Event: 1983.913 Thread 0x000001c2fc05f250 DEOPT PACKING pc=0x000001c287f0af10 sp=0x0000002487afe190
Event: 1983.913 Thread 0x000001c2fc05f250 DEOPT UNPACKING pc=0x000001c287583aa2 sp=0x0000002487afe178 mode 2
Event: 1983.913 Thread 0x000001c2fc05f250 Uncommon trap: trap_request=0xffffffde fr.pc=0x000001c288028598 relative=0x0000000000000fd8
Event: 1983.913 Thread 0x000001c2fc05f250 Uncommon trap: reason=class_check action=maybe_recompile pc=0x000001c288028598 method=com.google.gson.stream.JsonWriter.beforeValue()V @ 98 c2
Event: 1983.913 Thread 0x000001c2fc05f250 DEOPT PACKING pc=0x000001c288028598 sp=0x0000002487afe1a0
Event: 1983.913 Thread 0x000001c2fc05f250 DEOPT UNPACKING pc=0x000001c287583aa2 sp=0x0000002487afe1b8 mode 2
Event: 1984.642 Thread 0x000001c2ff0933c0 DEOPT PACKING pc=0x000001c280ffb51c sp=0x00000024873ff0b0
Event: 1984.643 Thread 0x000001c2ff0933c0 DEOPT UNPACKING pc=0x000001c287584242 sp=0x00000024873fe570 mode 0
Event: 1986.998 Thread 0x000001c2fc82d7b0 DEOPT PACKING pc=0x000001c280ffb51c sp=0x0000002486aff2a0
Event: 1986.998 Thread 0x000001c2fc82d7b0 DEOPT UNPACKING pc=0x000001c287584242 sp=0x0000002486afe760 mode 0
Event: 1990.002 Thread 0x000001c2fc0626d0 Uncommon trap: trap_request=0xffffff45 fr.pc=0x000001c288059688 relative=0x0000000000000068
Event: 1990.002 Thread 0x000001c2fc0626d0 Uncommon trap: reason=unstable_if action=reinterpret pc=0x000001c288059688 method=java.util.stream.StreamOpFlag.fromCharacteristics(Ljava/util/Spliterator;)I @ 10 c2
Event: 1990.002 Thread 0x000001c2fc0626d0 DEOPT PACKING pc=0x000001c288059688 sp=0x00000024886fe400
Event: 1990.002 Thread 0x000001c2fc0626d0 DEOPT UNPACKING pc=0x000001c287583aa2 sp=0x00000024886fe398 mode 2
Event: 1990.580 Thread 0x000001c2ff091980 DEOPT PACKING pc=0x000001c280ffb51c sp=0x00000024882feeb0
Event: 1990.581 Thread 0x000001c2ff091980 DEOPT UNPACKING pc=0x000001c287584242 sp=0x00000024882fe370 mode 0
Event: 2043.650 Thread 0x000001c2ff093a50 DEOPT PACKING pc=0x000001c280ffb51c sp=0x00000024875ff120
Event: 2043.651 Thread 0x000001c2ff093a50 DEOPT UNPACKING pc=0x000001c287584242 sp=0x00000024875fe5e0 mode 0

Classes loaded (20 events):
Event: 1983.909 Loading class java/util/TaskQueue
Event: 1983.910 Loading class java/util/TaskQueue done
Event: 1983.910 Loading class java/util/TimerThread
Event: 1983.910 Loading class java/util/TimerThread done
Event: 1983.910 Loading class java/util/Timer$ThreadReaper
Event: 1983.910 Loading class java/util/Timer$ThreadReaper done
Event: 1983.914 Loading class java/util/concurrent/CompletableFuture$UniWhenComplete
Event: 1983.915 Loading class java/util/concurrent/CompletableFuture$UniWhenComplete done
Event: 1983.915 Loading class java/util/concurrent/CompletableFuture$UniCompose
Event: 1983.916 Loading class java/util/concurrent/CompletableFuture$UniCompose done
Event: 1983.916 Loading class java/util/concurrent/CompletableFuture$UniRelay
Event: 1983.916 Loading class java/util/concurrent/CompletableFuture$UniRelay done
Event: 1984.643 Loading class java/util/concurrent/ScheduledThreadPoolExecutor$DelayedWorkQueue$Itr
Event: 1984.644 Loading class java/util/concurrent/ScheduledThreadPoolExecutor$DelayedWorkQueue$Itr done
Event: 1990.010 Loading class java/lang/ProcessHandleImpl$ExitCompletion
Event: 1990.010 Loading class java/lang/ProcessHandleImpl$ExitCompletion done
Event: 1990.010 Loading class java/lang/ProcessHandleImpl$1
Event: 1990.010 Loading class java/lang/ProcessHandleImpl$1 done
Event: 1990.012 Loading class java/util/concurrent/CompletableFuture$UniHandle
Event: 1990.014 Loading class java/util/concurrent/CompletableFuture$UniHandle done

Classes unloaded (15 events):
Event: 46.399 Thread 0x000001c2ed23b3c0 Unloading class 0x000001c2901a9400 'java/lang/invoke/LambdaForm$MH+0x000001c2901a9400'
Event: 46.399 Thread 0x000001c2ed23b3c0 Unloading class 0x000001c2901a9000 'java/lang/invoke/LambdaForm$MH+0x000001c2901a9000'
Event: 46.399 Thread 0x000001c2ed23b3c0 Unloading class 0x000001c2901a8c00 'java/lang/invoke/LambdaForm$MH+0x000001c2901a8c00'
Event: 46.399 Thread 0x000001c2ed23b3c0 Unloading class 0x000001c2901a8800 'java/lang/invoke/LambdaForm$MH+0x000001c2901a8800'
Event: 46.399 Thread 0x000001c2ed23b3c0 Unloading class 0x000001c2901a8400 'java/lang/invoke/LambdaForm$BMH+0x000001c2901a8400'
Event: 46.399 Thread 0x000001c2ed23b3c0 Unloading class 0x000001c2901a8000 'java/lang/invoke/LambdaForm$DMH+0x000001c2901a8000'
Event: 46.399 Thread 0x000001c2ed23b3c0 Unloading class 0x000001c2901a6c00 'java/lang/invoke/LambdaForm$DMH+0x000001c2901a6c00'
Event: 48.125 Thread 0x000001c2ed23b3c0 Unloading class 0x000001c290317800 'java/lang/invoke/LambdaForm$MH+0x000001c290317800'
Event: 48.125 Thread 0x000001c2ed23b3c0 Unloading class 0x000001c290317000 'java/lang/invoke/LambdaForm$MH+0x000001c290317000'
Event: 48.125 Thread 0x000001c2ed23b3c0 Unloading class 0x000001c290316800 'java/lang/invoke/LambdaForm$DMH+0x000001c290316800'
Event: 48.125 Thread 0x000001c2ed23b3c0 Unloading class 0x000001c290315c00 'java/lang/invoke/LambdaForm$MH+0x000001c290315c00'
Event: 48.125 Thread 0x000001c2ed23b3c0 Unloading class 0x000001c290312000 'java/lang/invoke/LambdaForm$MH+0x000001c290312000'
Event: 48.125 Thread 0x000001c2ed23b3c0 Unloading class 0x000001c290311400 'java/lang/invoke/LambdaForm$MH+0x000001c290311400'
Event: 48.125 Thread 0x000001c2ed23b3c0 Unloading class 0x000001c290310c00 'java/lang/invoke/LambdaForm$MH+0x000001c290310c00'
Event: 48.125 Thread 0x000001c2ed23b3c0 Unloading class 0x000001c290310000 'java/lang/invoke/LambdaForm$MH+0x000001c290310000'

Classes redefined (0 events):
No events

Internal exceptions (20 events):
Event: 1625.462 Thread 0x000001c2fc0626d0 Exception <a 'java/lang/ArrayIndexOutOfBoundsException'{0x00000000d5721e40}> (0x00000000d5721e40) 
thrown [s\src\hotspot\share\runtime\sharedRuntime.cpp, line 625]
Event: 1767.073 Thread 0x000001c2fc060600 Implicit null exception at 0x000001c2880a4f43 to 0x000001c2880a539c
Event: 1798.805 Thread 0x000001c2fc35e560 Implicit null exception at 0x000001c28801e086 to 0x000001c28801e2f0
Event: 1798.876 Thread 0x000001c2fc35e560 Exception <a 'java/lang/NoSuchMethodError'{0x00000000d58485c8}: 'java.lang.Object java.lang.invoke.DirectMethodHandle$Holder.newInvokeSpecial(java.lang.Object, java.lang.Object, java.lang.Object, java.lang.Object, java.lang.Object, java.lang.Object, java.lang.Object, java.lang.Object)'> (0x00000000d58485c8) 
thrown [s\src\hotspot\share\interpreter\linkResolver.cpp, line 773]
Event: 1860.482 Thread 0x000001c2ff08eb90 Implicit null exception at 0x000001c2881447ae to 0x000001c28814495d
Event: 1860.766 Thread 0x000001c2fc05f250 Exception <a 'java/lang/ArrayIndexOutOfBoundsException'{0x00000000d56f5928}> (0x00000000d56f5928) 
thrown [s\src\hotspot\share\runtime\sharedRuntime.cpp, line 625]
Event: 1981.095 Thread 0x000001c2ff08eb90 Exception <a 'sun/nio/fs/WindowsException'{0x00000000d5651da8}> (0x00000000d5651da8) 
thrown [s\src\hotspot\share\prims\jni.cpp, line 520]
Event: 1981.099 Thread 0x000001c2ff08eb90 Exception <a 'sun/nio/fs/WindowsException'{0x00000000d5652418}> (0x00000000d5652418) 
thrown [s\src\hotspot\share\prims\jni.cpp, line 520]
Event: 1981.108 Thread 0x000001c2ff08eb90 Exception <a 'sun/nio/fs/WindowsException'{0x00000000d5653148}> (0x00000000d5653148) 
thrown [s\src\hotspot\share\prims\jni.cpp, line 520]
Event: 1981.108 Thread 0x000001c2ff08eb90 Exception <a 'sun/nio/fs/WindowsException'{0x00000000d5653a48}> (0x00000000d5653a48) 
thrown [s\src\hotspot\share\prims\jni.cpp, line 520]
Event: 1981.112 Thread 0x000001c2ff08eb90 Exception <a 'sun/nio/fs/WindowsException'{0x00000000d5654e10}> (0x00000000d5654e10) 
thrown [s\src\hotspot\share\prims\jni.cpp, line 520]
Event: 1981.112 Thread 0x000001c2ff08eb90 Exception <a 'sun/nio/fs/WindowsException'{0x00000000d5655460}> (0x00000000d5655460) 
thrown [s\src\hotspot\share\prims\jni.cpp, line 520]
Event: 1981.112 Thread 0x000001c2ff08eb90 Exception <a 'sun/nio/fs/WindowsException'{0x00000000d5656168}> (0x00000000d5656168) 
thrown [s\src\hotspot\share\prims\jni.cpp, line 520]
Event: 1981.112 Thread 0x000001c2ff08eb90 Exception <a 'sun/nio/fs/WindowsException'{0x00000000d56567b8}> (0x00000000d56567b8) 
thrown [s\src\hotspot\share\prims\jni.cpp, line 520]
Event: 1983.262 Thread 0x000001c2ff092d30 Exception <a 'java/io/FileNotFoundException'{0x00000000d564cd38}> (0x00000000d564cd38) 
thrown [s\src\hotspot\share\prims\jni.cpp, line 520]
Event: 1983.752 Thread 0x000001c2ff092d30 Exception <a 'java/lang/NoSuchMethodError'{0x00000000d5614148}: 'java.lang.Object java.lang.invoke.DirectMethodHandle$Holder.invokeVirtual(java.lang.Object, java.lang.Object, java.lang.Object, java.lang.Object)'> (0x00000000d5614148) 
thrown [s\src\hotspot\share\interpreter\linkResolver.cpp, line 773]
Event: 1983.836 Thread 0x000001c2fc05f250 Exception <a 'java/lang/NoSuchMethodError'{0x00000000d5732058}: 'java.lang.Object java.lang.invoke.DirectMethodHandle$Holder.invokeStatic(java.lang.Object, long, java.lang.Object, java.lang.Object)'> (0x00000000d5732058) 
thrown [s\src\hotspot\share\interpreter\linkResolver.cpp, line 773]
Event: 1986.082 Thread 0x000001c2fc0626d0 Exception <a 'java/lang/NoSuchMethodError'{0x00000000d5596010}: 'long java.lang.invoke.DelegatingMethodHandle$Holder.reinvoke_L(java.lang.Object, java.lang.Object)'> (0x00000000d5596010) 
thrown [s\src\hotspot\share\interpreter\linkResolver.cpp, line 773]
Event: 1986.084 Thread 0x000001c2fc0626d0 Exception <a 'java/lang/NoSuchMethodError'{0x00000000d55a03c8}: 'void java.lang.invoke.DelegatingMethodHandle$Holder.reinvoke_L(java.lang.Object, java.lang.Object, long)'> (0x00000000d55a03c8) 
thrown [s\src\hotspot\share\interpreter\linkResolver.cpp, line 773]
Event: 1990.018 Thread 0x000001c2fc0626d0 Exception <a 'java/lang/NoSuchMethodError'{0x00000000d5746480}: 'long java.lang.invoke.Invokers$Holder.invokeExact_MT(java.lang.Object, java.lang.Object, java.lang.Object)'> (0x00000000d5746480) 
thrown [s\src\hotspot\share\interpreter\linkResolver.cpp, line 773]

ZGC Phase Switch (0 events):
No events

VM Operations (20 events):
Event: 5351.026 Executing non-safepoint VM operation: HandshakeAllThreads (HandshakeForDeflation)
Event: 5351.026 Executing non-safepoint VM operation: HandshakeAllThreads (HandshakeForDeflation) done
Event: 5351.027 Executing non-safepoint VM operation: RendezvousGCThreads
Event: 5351.027 Executing non-safepoint VM operation: RendezvousGCThreads done
Event: 5411.211 Executing non-safepoint VM operation: HandshakeAllThreads (HandshakeForDeflation)
Event: 5411.211 Executing non-safepoint VM operation: HandshakeAllThreads (HandshakeForDeflation) done
Event: 5411.211 Executing non-safepoint VM operation: RendezvousGCThreads
Event: 5411.211 Executing non-safepoint VM operation: RendezvousGCThreads done
Event: 5531.313 Executing non-safepoint VM operation: HandshakeAllThreads (HandshakeForDeflation)
Event: 5531.319 Executing non-safepoint VM operation: HandshakeAllThreads (HandshakeForDeflation) done
Event: 5531.320 Executing non-safepoint VM operation: RendezvousGCThreads
Event: 5531.320 Executing non-safepoint VM operation: RendezvousGCThreads done
Event: 5591.560 Executing non-safepoint VM operation: HandshakeAllThreads (HandshakeForDeflation)
Event: 5591.561 Executing non-safepoint VM operation: HandshakeAllThreads (HandshakeForDeflation) done
Event: 5591.561 Executing non-safepoint VM operation: RendezvousGCThreads
Event: 5591.561 Executing non-safepoint VM operation: RendezvousGCThreads done
Event: 5651.808 Executing non-safepoint VM operation: HandshakeAllThreads (HandshakeForDeflation)
Event: 5651.809 Executing non-safepoint VM operation: HandshakeAllThreads (HandshakeForDeflation) done
Event: 5651.809 Executing non-safepoint VM operation: RendezvousGCThreads
Event: 5651.809 Executing non-safepoint VM operation: RendezvousGCThreads done

Memory protections (0 events):
No events

Nmethod flushes (20 events):
Event: 56.391 Thread 0x000001c2ed23b3c0 flushing  nmethod 0x000001c2808dbc10
Event: 56.391 Thread 0x000001c2ed23b3c0 flushing  nmethod 0x000001c2808edc90
Event: 56.391 Thread 0x000001c2ed23b3c0 flushing  nmethod 0x000001c2808f6910
Event: 56.391 Thread 0x000001c2ed23b3c0 flushing  nmethod 0x000001c2808f7190
Event: 56.391 Thread 0x000001c2ed23b3c0 flushing  nmethod 0x000001c2808f7a90
Event: 56.391 Thread 0x000001c2ed23b3c0 flushing  nmethod 0x000001c2808f8010
Event: 56.391 Thread 0x000001c2ed23b3c0 flushing  nmethod 0x000001c2808f8890
Event: 56.391 Thread 0x000001c2ed23b3c0 flushing  nmethod 0x000001c2808f9790
Event: 56.391 Thread 0x000001c2ed23b3c0 flushing  nmethod 0x000001c2808fa010
Event: 56.391 Thread 0x000001c2ed23b3c0 flushing  nmethod 0x000001c2808fa610
Event: 56.391 Thread 0x000001c2ed23b3c0 flushing  nmethod 0x000001c2808fab10
Event: 56.391 Thread 0x000001c2ed23b3c0 flushing  nmethod 0x000001c2808fb790
Event: 56.391 Thread 0x000001c2ed23b3c0 flushing  nmethod 0x000001c2808fbc90
Event: 56.391 Thread 0x000001c2ed23b3c0 flushing  nmethod 0x000001c2808fca10
Event: 56.391 Thread 0x000001c2ed23b3c0 flushing  nmethod 0x000001c28090bb90
Event: 56.391 Thread 0x000001c2ed23b3c0 flushing  nmethod 0x000001c28090c090
Event: 56.391 Thread 0x000001c2ed23b3c0 flushing  nmethod 0x000001c28090c610
Event: 56.391 Thread 0x000001c2ed23b3c0 flushing  nmethod 0x000001c280938190
Event: 56.391 Thread 0x000001c2ed23b3c0 flushing  nmethod 0x000001c28093c290
Event: 56.391 Thread 0x000001c2ed23b3c0 flushing  nmethod 0x000001c28095cc10

Events (20 events):
Event: 1918.673 Thread 0x000001c2fc062d60 Thread exited: 0x000001c2fc062d60
Event: 1918.720 Thread 0x000001c2fc0633f0 Thread exited: 0x000001c2fc0633f0
Event: 1918.768 Thread 0x000001c2fc0647a0 Thread exited: 0x000001c2fc0647a0
Event: 1966.075 Thread 0x000001c2fc05f250 Thread exited: 0x000001c2fc05f250
Event: 1981.593 Thread 0x000001c2ff08eb90 Thread added: 0x000001c2ff08f220
Event: 1981.612 Thread 0x000001c2ff08f220 Thread added: 0x000001c2ff092d30
Event: 1983.639 Thread 0x000001c2ff092d30 Thread added: 0x000001c2ff0933c0
Event: 1983.647 Thread 0x000001c2ff092d30 Thread added: 0x000001c2ff093a50
Event: 1983.828 Thread 0x000001c2ff092d30 Thread added: 0x000001c2fc05f250
Event: 1983.911 Thread 0x000001c2fc05f250 Thread added: 0x000001c2fc060600
Event: 1986.069 Thread 0x000001c2ff092d30 Thread added: 0x000001c2fc0626d0
Event: 1986.071 Thread 0x000001c2fc060600 Thread exited: 0x000001c2fc060600
Event: 1990.012 Thread 0x000001c2fc0626d0 Thread added: 0x000001c2fc062d60
Event: 1990.023 Thread 0x000001c2fc0626d0 Thread exited: 0x000001c2fc0626d0
Event: 2000.003 Thread 0x000001c2fc05f250 Thread exited: 0x000001c2fc05f250
Event: 2030.018 Thread 0x000001c2ff092d30 Thread exited: 0x000001c2ff092d30
Event: 2059.977 Thread 0x000001c2fc062d60 Thread exited: 0x000001c2fc062d60
Event: 2071.563 Thread 0x000001c2ff08eb90 Thread exited: 0x000001c2ff08eb90
Event: 2131.575 Thread 0x000001c2fc0619b0 Thread exited: 0x000001c2fc0619b0
Event: 2191.572 Thread 0x000001c2fc05f8e0 Thread exited: 0x000001c2fc05f8e0


Dynamic libraries:
0x00007ff79d510000 - 0x00007ff79d51e000 	c:\Users\castr\.vscode\extensions\redhat.java-1.54.0-win32-x64\jre\21.0.10-win32-x86_64\bin\java.exe
0x00007ffbc7f20000 - 0x00007ffbc8187000 	C:\WINDOWS\SYSTEM32\ntdll.dll
0x00007ffbc6710000 - 0x00007ffbc67d9000 	C:\WINDOWS\System32\KERNEL32.DLL
0x00007ffbc4b60000 - 0x00007ffbc4f54000 	C:\WINDOWS\System32\KERNELBASE.dll
0x00007ffbc4930000 - 0x00007ffbc4a7b000 	C:\WINDOWS\System32\ucrtbase.dll
0x00007ffbbc260000 - 0x00007ffbbc278000 	c:\Users\castr\.vscode\extensions\redhat.java-1.54.0-win32-x64\jre\21.0.10-win32-x86_64\bin\jli.dll
0x00007ffbc73b0000 - 0x00007ffbc7575000 	C:\WINDOWS\System32\USER32.dll
0x00007ffbc4b30000 - 0x00007ffbc4b57000 	C:\WINDOWS\System32\win32u.dll
0x00007ffbc6e30000 - 0x00007ffbc6e5b000 	C:\WINDOWS\System32\GDI32.dll
0x00007ffbc5310000 - 0x00007ffbc543b000 	C:\WINDOWS\System32\gdi32full.dll
0x00007ffbc4a80000 - 0x00007ffbc4b23000 	C:\WINDOWS\System32\msvcp_win.dll
0x00007ffbba120000 - 0x00007ffbba13e000 	c:\Users\castr\.vscode\extensions\redhat.java-1.54.0-win32-x64\jre\21.0.10-win32-x86_64\bin\VCRUNTIME140.dll
0x00007ffbb1760000 - 0x00007ffbb19f3000 	C:\WINDOWS\WinSxS\amd64_microsoft.windows.common-controls_6595b64144ccf1df_6.0.26100.8115_none_3e075c82e3354f9c\COMCTL32.dll
0x00007ffbc5d50000 - 0x00007ffbc5df9000 	C:\WINDOWS\System32\msvcrt.dll
0x00007ffbc7ea0000 - 0x00007ffbc7ed2000 	C:\WINDOWS\System32\IMM32.DLL
0x00007ffbbb920000 - 0x00007ffbbb92c000 	c:\Users\castr\.vscode\extensions\redhat.java-1.54.0-win32-x64\jre\21.0.10-win32-x86_64\bin\vcruntime140_1.dll
0x00007ffb9e470000 - 0x00007ffb9e4fd000 	c:\Users\castr\.vscode\extensions\redhat.java-1.54.0-win32-x64\jre\21.0.10-win32-x86_64\bin\msvcp140.dll
0x00007ffafb120000 - 0x00007ffafbec1000 	c:\Users\castr\.vscode\extensions\redhat.java-1.54.0-win32-x64\jre\21.0.10-win32-x86_64\bin\server\jvm.dll
0x00007ffbc5fb0000 - 0x00007ffbc6066000 	C:\WINDOWS\System32\ADVAPI32.dll
0x00007ffbc7240000 - 0x00007ffbc72e7000 	C:\WINDOWS\System32\sechost.dll
0x00007ffbc5e00000 - 0x00007ffbc5f18000 	C:\WINDOWS\System32\RPCRT4.dll
0x00007ffbc5cb0000 - 0x00007ffbc5d30000 	C:\WINDOWS\System32\WS2_32.dll
0x00007ffbc45a0000 - 0x00007ffbc45fe000 	C:\WINDOWS\SYSTEM32\POWRPROF.dll
0x00007ffbbeaf0000 - 0x00007ffbbeb26000 	C:\WINDOWS\SYSTEM32\WINMM.dll
0x00007ffbbeb30000 - 0x00007ffbbeb3b000 	C:\WINDOWS\SYSTEM32\VERSION.dll
0x00007ffbc4580000 - 0x00007ffbc4594000 	C:\WINDOWS\SYSTEM32\UMPDC.dll
0x00007ffbc3580000 - 0x00007ffbc359b000 	C:\WINDOWS\SYSTEM32\kernel.appcore.dll
0x00007ffbb86b0000 - 0x00007ffbb86ba000 	c:\Users\castr\.vscode\extensions\redhat.java-1.54.0-win32-x64\jre\21.0.10-win32-x86_64\bin\jimage.dll
0x00007ffbb8c60000 - 0x00007ffbb8ea2000 	C:\WINDOWS\SYSTEM32\DBGHELP.DLL
0x00007ffbc67e0000 - 0x00007ffbc6b62000 	C:\WINDOWS\System32\combase.dll
0x00007ffbc70e0000 - 0x00007ffbc71b8000 	C:\WINDOWS\System32\OLEAUT32.dll
0x00007ffba8eb0000 - 0x00007ffba8eeb000 	C:\WINDOWS\SYSTEM32\dbgcore.DLL
0x00007ffbc4880000 - 0x00007ffbc4925000 	C:\WINDOWS\System32\bcryptPrimitives.dll
0x00007ffbb86a0000 - 0x00007ffbb86af000 	c:\Users\castr\.vscode\extensions\redhat.java-1.54.0-win32-x64\jre\21.0.10-win32-x86_64\bin\instrument.dll
0x00007ffbba0d0000 - 0x00007ffbba0f0000 	c:\Users\castr\.vscode\extensions\redhat.java-1.54.0-win32-x64\jre\21.0.10-win32-x86_64\bin\java.dll
0x00007ffbc7730000 - 0x00007ffbc7e97000 	C:\WINDOWS\System32\SHELL32.dll
0x00007ffbc51a0000 - 0x00007ffbc530a000 	C:\WINDOWS\System32\wintypes.dll
0x00007ffbc5440000 - 0x00007ffbc5ca8000 	C:\WINDOWS\System32\windows.storage.dll
0x00007ffbc6e60000 - 0x00007ffbc6f58000 	C:\WINDOWS\System32\SHCORE.dll
0x00007ffbc6070000 - 0x00007ffbc60d6000 	C:\WINDOWS\System32\shlwapi.dll
0x00007ffbc4710000 - 0x00007ffbc4739000 	C:\WINDOWS\SYSTEM32\profapi.dll
0x00007ffbb3180000 - 0x00007ffbb3198000 	c:\Users\castr\.vscode\extensions\redhat.java-1.54.0-win32-x64\jre\21.0.10-win32-x86_64\bin\zip.dll
0x00007ffbb7c60000 - 0x00007ffbb7c70000 	C:\Users\castr\.vscode\extensions\redhat.java-1.54.0-win32-x64\jre\21.0.10-win32-x86_64\bin\net.dll
0x00007ffbbba70000 - 0x00007ffbbbb9d000 	C:\WINDOWS\SYSTEM32\WINHTTP.dll
0x00007ffbc3af0000 - 0x00007ffbc3b5c000 	C:\WINDOWS\system32\mswsock.dll
0x00007ffba8a70000 - 0x00007ffba8a86000 	C:\Users\castr\.vscode\extensions\redhat.java-1.54.0-win32-x64\jre\21.0.10-win32-x86_64\bin\nio.dll
0x00007ffbb7010000 - 0x00007ffbb7020000 	c:\Users\castr\.vscode\extensions\redhat.java-1.54.0-win32-x64\jre\21.0.10-win32-x86_64\bin\verify.dll
0x00007ffb93bc0000 - 0x00007ffb93c05000 	C:\Users\castr\AppData\Roaming\Code\User\globalStorage\redhat.java\1.54.0\config_win\org.eclipse.equinox.launcher\org.eclipse.equinox.launcher.win32.win32.x86_64_1.3.0.v20260203-2149\eclipse_11919.dll
0x00007ffbc60e0000 - 0x00007ffbc6277000 	C:\WINDOWS\System32\ole32.dll
0x00007ffbc3dd0000 - 0x00007ffbc3deb000 	C:\WINDOWS\SYSTEM32\CRYPTSP.dll
0x00007ffbc34e0000 - 0x00007ffbc3519000 	C:\WINDOWS\system32\rsaenh.dll
0x00007ffbc3ba0000 - 0x00007ffbc3bd3000 	C:\WINDOWS\SYSTEM32\USERENV.dll
0x00007ffbc46e0000 - 0x00007ffbc470a000 	C:\WINDOWS\SYSTEM32\bcrypt.dll
0x00007ffbc3df0000 - 0x00007ffbc3dfc000 	C:\WINDOWS\SYSTEM32\CRYPTBASE.dll
0x00007ffbc2f60000 - 0x00007ffbc2f92000 	C:\WINDOWS\SYSTEM32\IPHLPAPI.DLL
0x00007ffbc76f0000 - 0x00007ffbc76fa000 	C:\WINDOWS\System32\NSI.dll
0x00007ffb93b20000 - 0x00007ffb93b69000 	C:\Users\castr\AppData\Local\Temp\jna-94432531\jna5604201293658952203.dll
0x00007ffbc5d40000 - 0x00007ffbc5d48000 	C:\WINDOWS\System32\PSAPI.DLL
0x00007ffbbbd80000 - 0x00007ffbbbd9d000 	C:\WINDOWS\SYSTEM32\dhcpcsvc6.DLL
0x00007ffbbbd50000 - 0x00007ffbbbd75000 	C:\WINDOWS\SYSTEM32\dhcpcsvc.DLL
0x00007ffbb31f0000 - 0x00007ffbb31fe000 	C:\Users\castr\.vscode\extensions\redhat.java-1.54.0-win32-x64\jre\21.0.10-win32-x86_64\bin\sunmscapi.dll
0x00007ffbc4f60000 - 0x00007ffbc50d7000 	C:\WINDOWS\System32\CRYPT32.dll
0x00007ffbc3ff0000 - 0x00007ffbc4020000 	C:\WINDOWS\SYSTEM32\ncrypt.dll
0x00007ffbc3fa0000 - 0x00007ffbc3fdf000 	C:\WINDOWS\SYSTEM32\NTASN1.dll
0x00007ffbc2fa0000 - 0x00007ffbc30d2000 	C:\WINDOWS\SYSTEM32\DNSAPI.dll
0x00007ffbba170000 - 0x00007ffbba17b000 	C:\Windows\System32\rasadhlp.dll
0x00007ffbbc970000 - 0x00007ffbbc9f6000 	C:\WINDOWS\System32\fwpuclnt.dll
0x00007ffbac5d0000 - 0x00007ffbac5d9000 	C:\Users\castr\.vscode\extensions\redhat.java-1.54.0-win32-x64\jre\21.0.10-win32-x86_64\bin\extnet.dll

JVMTI agents:
c:\Users\castr\.vscode\extensions\redhat.java-1.54.0-win32-x64\lombok\lombok-1.18.39-4050.jar path:c:\Users\castr\.vscode\extensions\redhat.java-1.54.0-win32-x64\jre\21.0.10-win32-x86_64\bin\instrument.dll, loaded, initialized, instrumentlib options:none

dbghelp: loaded successfully - version: 4.0.5 - missing functions: none
symbol engine: initialized successfully - sym options: 0x614 - pdb path: .;c:\Users\castr\.vscode\extensions\redhat.java-1.54.0-win32-x64\jre\21.0.10-win32-x86_64\bin;C:\WINDOWS\SYSTEM32;C:\WINDOWS\WinSxS\amd64_microsoft.windows.common-controls_6595b64144ccf1df_6.0.26100.8115_none_3e075c82e3354f9c;c:\Users\castr\.vscode\extensions\redhat.java-1.54.0-win32-x64\jre\21.0.10-win32-x86_64\bin\server;C:\Users\castr\AppData\Roaming\Code\User\globalStorage\redhat.java\1.54.0\config_win\org.eclipse.equinox.launcher\org.eclipse.equinox.launcher.win32.win32.x86_64_1.3.0.v20260203-2149;C:\Users\castr\AppData\Local\Temp\jna-94432531

VM Arguments:
jvm_args: --add-modules=ALL-SYSTEM --add-opens=java.base/java.util=ALL-UNNAMED --add-opens=java.base/java.lang=ALL-UNNAMED --add-opens=java.base/sun.nio.fs=ALL-UNNAMED -Declipse.application=org.eclipse.jdt.ls.core.id1 -Dosgi.bundles.defaultStartLevel=4 -Declipse.product=org.eclipse.jdt.ls.core.product -Djava.import.generatesMetadataFilesAtProjectRoot=false -DDetectVMInstallationsJob.disabled=true -Dfile.encoding=utf8 -XX:+UseParallelGC -XX:GCTimeRatio=4 -XX:AdaptiveSizePolicyWeight=90 -Dsun.zip.disableMemoryMapping=true -Xmx2G -Xms100m -Xlog:disable -javaagent:c:\Users\castr\.vscode\extensions\redhat.java-1.54.0-win32-x64\lombok\lombok-1.18.39-4050.jar -XX:+HeapDumpOnOutOfMemoryError -XX:HeapDumpPath=c:\Users\castr\AppData\Roaming\Code\User\workspaceStorage\ee6f289389dcceef74940f853f38293b\redhat.java -Daether.dependencyCollector.impl=bf 
java_command: c:\Users\castr\.vscode\extensions\redhat.java-1.54.0-win32-x64\server\plugins\org.eclipse.equinox.launcher_1.7.100.v20251111-0406.jar -configuration c:\Users\castr\AppData\Roaming\Code\User\globalStorage\redhat.java\1.54.0\config_win -data c:\Users\castr\AppData\Roaming\Code\User\workspaceStorage\ee6f289389dcceef74940f853f38293b\redhat.java\jdt_ws --pipe=\\.\pipe\lsp-4fd513b9a890e8db214694b665d49906-sock
java_class_path (initial): c:\Users\castr\.vscode\extensions\redhat.java-1.54.0-win32-x64\server\plugins\org.eclipse.equinox.launcher_1.7.100.v20251111-0406.jar
Launcher Type: SUN_STANDARD

[Global flags]
    uintx AdaptiveSizePolicyWeight                 = 90                                        {product} {command line}
     intx CICompilerCount                          = 3                                         {product} {ergonomic}
    uintx GCTimeRatio                              = 4                                         {product} {command line}
     bool HeapDumpOnOutOfMemoryError               = true                                   {manageable} {command line}
    ccstr HeapDumpPath                             = c:\Users\castr\AppData\Roaming\Code\User\workspaceStorage\ee6f289389dcceef74940f853f38293b\redhat.java         {manageable} {command line}
   size_t InitialHeapSize                          = 104857600                                 {product} {command line}
   size_t MaxHeapSize                              = 2147483648                                {product} {command line}
   size_t MaxNewSize                               = 715653120                                 {product} {ergonomic}
   size_t MinHeapDeltaBytes                        = 524288                                    {product} {ergonomic}
   size_t MinHeapSize                              = 104857600                                 {product} {command line}
   size_t NewSize                                  = 34603008                                  {product} {ergonomic}
    uintx NonNMethodCodeHeapSize                   = 5832780                                {pd product} {ergonomic}
    uintx NonProfiledCodeHeapSize                  = 122912730                              {pd product} {ergonomic}
   size_t OldSize                                  = 70254592                                  {product} {ergonomic}
    uintx ProfiledCodeHeapSize                     = 122912730                              {pd product} {ergonomic}
    uintx ReservedCodeCacheSize                    = 251658240                              {pd product} {ergonomic}
     bool SegmentedCodeCache                       = true                                      {product} {ergonomic}
   size_t SoftMaxHeapSize                          = 2147483648                             {manageable} {ergonomic}
     bool UseCompressedOops                        = true                           {product lp64_product} {ergonomic}
     bool UseLargePagesIndividualAllocation        = false                                  {pd product} {ergonomic}
     bool UseParallelGC                            = true                                      {product} {command line}

Logging:
Log output configuration:
 #0: stdout all=off uptime,level,tags foldmultilines=false
 #1: stderr all=off uptime,level,tags foldmultilines=false

Release file:
JAVA_VERSION="21.0.10" 
MODULES="java.base java.compiler java.datatransfer java.xml java.prefs java.desktop java.instrument java.logging java.management java.security.sasl java.naming java.rmi java.management.rmi java.net.http java.scripting java.security.jgss java.transaction.xa java.sql java.sql.rowset java.xml.crypto java.se java.smartcardio jdk.accessibility jdk.internal.jvmstat jdk.attach jdk.charsets jdk.internal.opt jdk.zipfs jdk.compiler jdk.crypto.ec jdk.crypto.cryptoki jdk.crypto.mscapi jdk.dynalink jdk.internal.ed jdk.editpad jdk.hotspot.agent jdk.httpserver jdk.internal.le jdk.internal.vm.ci jdk.internal.vm.compiler jdk.internal.vm.compiler.management jdk.jartool jdk.javadoc jdk.jcmd jdk.management jdk.management.agent jdk.jconsole jdk.jdeps jdk.jdwp.agent jdk.jdi jdk.jfr jdk.jshell jdk.jsobject jdk.jstatd jdk.localedata jdk.management.jfr jdk.naming.dns jdk.naming.rmi jdk.net jdk.nio.mapmode jdk.random jdk.sctp jdk.security.auth jdk.security.jgss jdk.unsupported jdk.unsupported.desktop jdk.xml.dom" 

Environment Variables:
PATH=C:\Users\castr\AppData\Local\Programs\Microsoft VS Code;C:\ProgramData\Oracle\Java\javapath;C:\WINDOWS\system32;C:\WINDOWS;C:\WINDOWS\System32\Wbem;C:\WINDOWS\System32\WindowsPowerShell\v1.0\;C:\WINDOWS\System32\OpenSSH\;C:\Program Files\nodejs\;C:\Program Files\Git\cmd;C:\Users\castr\AppData\Local\Microsoft\WindowsApps;C:\Users\castr\AppData\Local\Programs\Microsoft VS Code\bin;C:\Users\castr\AppData\Roaming\npm
USERNAME=castr
OS=Windows_NT
PROCESSOR_IDENTIFIER=AMD64 Family 23 Model 96 Stepping 1, AuthenticAMD
TMP=C:\Users\castr\AppData\Local\Temp
TEMP=C:\Users\castr\AppData\Local\Temp




Periodic native trim disabled

---------------  S Y S T E M  ---------------

OS:
 Windows 11 , 64 bit Build 26100 (10.0.26100.8246)
OS uptime: 3 days 0:38 hours
Hyper-V role detected

CPU: total 6 (initial active 6) (6 cores per cpu, 1 threads per core) family 23 model 96 stepping 1 microcode 0x8600106, cx8, cmov, fxsr, mmx, 3dnowpref, sse, sse2, sse3, ssse3, sse4a, sse4.1, sse4.2, popcnt, lzcnt, tsc, tscinvbit, avx, avx2, aes, clmul, bmi1, bmi2, adx, sha, fma, vzeroupper, clflush, clflushopt, hv, rdtscp, rdpid, f16c
Processor Information for the first 6 processors :
  Max Mhz: 2375, Current Mhz: 2375, Mhz Limit: 2375

Memory: 4k page, system-wide physical 3445M (157M free)
TotalPageFile size 14197M (AvailPageFile size 23M)
current process WorkingSet (physical memory assigned to process): 7M, peak: 219M
current process commit charge ("private bytes"): 549M, peak: 550M

vm_info: OpenJDK 64-Bit Server VM (21.0.10+7-LTS) for windows-amd64 JRE (21.0.10+7-LTS), built on 2026-01-20T00:00:00Z by "admin" with MS VC++ 17.12 (VS2022)

END.
